ARM GAS  C:\Users\madmax\AppData\Local\Temp\cckcS73n.s 			page 1


   1              		.cpu cortex-m3
   2              		.eabi_attribute 20, 1
   3              		.eabi_attribute 21, 1
   4              		.eabi_attribute 23, 3
   5              		.eabi_attribute 24, 1
   6              		.eabi_attribute 25, 1
   7              		.eabi_attribute 26, 1
   8              		.eabi_attribute 30, 1
   9              		.eabi_attribute 34, 1
  10              		.eabi_attribute 18, 4
  11              		.file	"stm32f1xx_hal_msp.c"
  12              		.text
  13              	.Ltext0:
  14              		.cfi_sections	.debug_frame
  15              		.section	.text.HAL_MspInit,"ax",%progbits
  16              		.align	1
  17              		.global	HAL_MspInit
  18              		.arch armv7-m
  19              		.syntax unified
  20              		.thumb
  21              		.thumb_func
  22              		.fpu softvfp
  24              	HAL_MspInit:
  25              	.LFB65:
  26              		.file 1 "Src/stm32f1xx_hal_msp.c"
   1:Src/stm32f1xx_hal_msp.c **** /* USER CODE BEGIN Header */
   2:Src/stm32f1xx_hal_msp.c **** /**
   3:Src/stm32f1xx_hal_msp.c ****   ******************************************************************************
   4:Src/stm32f1xx_hal_msp.c ****   * File Name          : stm32f1xx_hal_msp.c
   5:Src/stm32f1xx_hal_msp.c ****   * Description        : This file provides code for the MSP Initialization 
   6:Src/stm32f1xx_hal_msp.c ****   *                      and de-Initialization codes.
   7:Src/stm32f1xx_hal_msp.c ****   ******************************************************************************
   8:Src/stm32f1xx_hal_msp.c ****   * @attention
   9:Src/stm32f1xx_hal_msp.c ****   *
  10:Src/stm32f1xx_hal_msp.c ****   * <h2><center>&copy; Copyright (c) 2020 STMicroelectronics.
  11:Src/stm32f1xx_hal_msp.c ****   * All rights reserved.</center></h2>
  12:Src/stm32f1xx_hal_msp.c ****   *
  13:Src/stm32f1xx_hal_msp.c ****   * This software component is licensed by ST under BSD 3-Clause license,
  14:Src/stm32f1xx_hal_msp.c ****   * the "License"; You may not use this file except in compliance with the
  15:Src/stm32f1xx_hal_msp.c ****   * License. You may obtain a copy of the License at:
  16:Src/stm32f1xx_hal_msp.c ****   *                        opensource.org/licenses/BSD-3-Clause
  17:Src/stm32f1xx_hal_msp.c ****   *
  18:Src/stm32f1xx_hal_msp.c ****   ******************************************************************************
  19:Src/stm32f1xx_hal_msp.c ****   */
  20:Src/stm32f1xx_hal_msp.c **** /* USER CODE END Header */
  21:Src/stm32f1xx_hal_msp.c **** 
  22:Src/stm32f1xx_hal_msp.c **** /* Includes ------------------------------------------------------------------*/
  23:Src/stm32f1xx_hal_msp.c **** #include "main.h"
  24:Src/stm32f1xx_hal_msp.c **** 
  25:Src/stm32f1xx_hal_msp.c **** /* USER CODE BEGIN Includes */
  26:Src/stm32f1xx_hal_msp.c **** 
  27:Src/stm32f1xx_hal_msp.c **** /* USER CODE END Includes */
  28:Src/stm32f1xx_hal_msp.c **** 
  29:Src/stm32f1xx_hal_msp.c **** /* Private typedef -----------------------------------------------------------*/
  30:Src/stm32f1xx_hal_msp.c **** /* USER CODE BEGIN TD */
  31:Src/stm32f1xx_hal_msp.c **** 
  32:Src/stm32f1xx_hal_msp.c **** /* USER CODE END TD */
ARM GAS  C:\Users\madmax\AppData\Local\Temp\cckcS73n.s 			page 2


  33:Src/stm32f1xx_hal_msp.c **** 
  34:Src/stm32f1xx_hal_msp.c **** /* Private define ------------------------------------------------------------*/
  35:Src/stm32f1xx_hal_msp.c **** /* USER CODE BEGIN Define */
  36:Src/stm32f1xx_hal_msp.c ****  
  37:Src/stm32f1xx_hal_msp.c **** /* USER CODE END Define */
  38:Src/stm32f1xx_hal_msp.c **** 
  39:Src/stm32f1xx_hal_msp.c **** /* Private macro -------------------------------------------------------------*/
  40:Src/stm32f1xx_hal_msp.c **** /* USER CODE BEGIN Macro */
  41:Src/stm32f1xx_hal_msp.c **** 
  42:Src/stm32f1xx_hal_msp.c **** /* USER CODE END Macro */
  43:Src/stm32f1xx_hal_msp.c **** 
  44:Src/stm32f1xx_hal_msp.c **** /* Private variables ---------------------------------------------------------*/
  45:Src/stm32f1xx_hal_msp.c **** /* USER CODE BEGIN PV */
  46:Src/stm32f1xx_hal_msp.c **** 
  47:Src/stm32f1xx_hal_msp.c **** /* USER CODE END PV */
  48:Src/stm32f1xx_hal_msp.c **** 
  49:Src/stm32f1xx_hal_msp.c **** /* Private function prototypes -----------------------------------------------*/
  50:Src/stm32f1xx_hal_msp.c **** /* USER CODE BEGIN PFP */
  51:Src/stm32f1xx_hal_msp.c **** 
  52:Src/stm32f1xx_hal_msp.c **** /* USER CODE END PFP */
  53:Src/stm32f1xx_hal_msp.c **** 
  54:Src/stm32f1xx_hal_msp.c **** /* External functions --------------------------------------------------------*/
  55:Src/stm32f1xx_hal_msp.c **** /* USER CODE BEGIN ExternalFunctions */
  56:Src/stm32f1xx_hal_msp.c **** 
  57:Src/stm32f1xx_hal_msp.c **** /* USER CODE END ExternalFunctions */
  58:Src/stm32f1xx_hal_msp.c **** 
  59:Src/stm32f1xx_hal_msp.c **** /* USER CODE BEGIN 0 */
  60:Src/stm32f1xx_hal_msp.c **** 
  61:Src/stm32f1xx_hal_msp.c **** /* USER CODE END 0 */
  62:Src/stm32f1xx_hal_msp.c **** /**
  63:Src/stm32f1xx_hal_msp.c ****   * Initializes the Global MSP.
  64:Src/stm32f1xx_hal_msp.c ****   */
  65:Src/stm32f1xx_hal_msp.c **** void HAL_MspInit(void)
  66:Src/stm32f1xx_hal_msp.c **** {
  27              		.loc 1 66 1 view -0
  28              		.cfi_startproc
  29              		@ args = 0, pretend = 0, frame = 8
  30              		@ frame_needed = 0, uses_anonymous_args = 0
  31              		@ link register save eliminated.
  32 0000 82B0     		sub	sp, sp, #8
  33              	.LCFI0:
  34              		.cfi_def_cfa_offset 8
  67:Src/stm32f1xx_hal_msp.c ****   /* USER CODE BEGIN MspInit 0 */
  68:Src/stm32f1xx_hal_msp.c **** 
  69:Src/stm32f1xx_hal_msp.c ****   /* USER CODE END MspInit 0 */
  70:Src/stm32f1xx_hal_msp.c **** 
  71:Src/stm32f1xx_hal_msp.c ****   __HAL_RCC_AFIO_CLK_ENABLE();
  35              		.loc 1 71 3 view .LVU1
  36              	.LBB2:
  37              		.loc 1 71 3 view .LVU2
  38              		.loc 1 71 3 view .LVU3
  39 0002 0E4B     		ldr	r3, .L3
  40 0004 9A69     		ldr	r2, [r3, #24]
  41 0006 42F00102 		orr	r2, r2, #1
  42 000a 9A61     		str	r2, [r3, #24]
  43              		.loc 1 71 3 view .LVU4
  44 000c 9A69     		ldr	r2, [r3, #24]
ARM GAS  C:\Users\madmax\AppData\Local\Temp\cckcS73n.s 			page 3


  45 000e 02F00102 		and	r2, r2, #1
  46 0012 0092     		str	r2, [sp]
  47              		.loc 1 71 3 view .LVU5
  48 0014 009A     		ldr	r2, [sp]
  49              	.LBE2:
  72:Src/stm32f1xx_hal_msp.c ****   __HAL_RCC_PWR_CLK_ENABLE();
  50              		.loc 1 72 3 view .LVU6
  51              	.LBB3:
  52              		.loc 1 72 3 view .LVU7
  53              		.loc 1 72 3 view .LVU8
  54 0016 DA69     		ldr	r2, [r3, #28]
  55 0018 42F08052 		orr	r2, r2, #268435456
  56 001c DA61     		str	r2, [r3, #28]
  57              		.loc 1 72 3 view .LVU9
  58 001e DB69     		ldr	r3, [r3, #28]
  59 0020 03F08053 		and	r3, r3, #268435456
  60 0024 0193     		str	r3, [sp, #4]
  61              		.loc 1 72 3 view .LVU10
  62 0026 019B     		ldr	r3, [sp, #4]
  63              	.LBE3:
  73:Src/stm32f1xx_hal_msp.c **** 
  74:Src/stm32f1xx_hal_msp.c ****   /* System interrupt init*/
  75:Src/stm32f1xx_hal_msp.c **** 
  76:Src/stm32f1xx_hal_msp.c ****   /** NOJTAG: JTAG-DP Disabled and SW-DP Enabled 
  77:Src/stm32f1xx_hal_msp.c ****   */
  78:Src/stm32f1xx_hal_msp.c ****   __HAL_AFIO_REMAP_SWJ_NOJTAG();
  64              		.loc 1 78 3 view .LVU11
  65              	.LBB4:
  66              		.loc 1 78 3 view .LVU12
  67 0028 054A     		ldr	r2, .L3+4
  68 002a 5368     		ldr	r3, [r2, #4]
  69              	.LVL0:
  70              		.loc 1 78 3 view .LVU13
  71 002c 23F0E063 		bic	r3, r3, #117440512
  72              	.LVL1:
  73              		.loc 1 78 3 view .LVU14
  74 0030 43F00073 		orr	r3, r3, #33554432
  75              	.LVL2:
  76              		.loc 1 78 3 view .LVU15
  77 0034 5360     		str	r3, [r2, #4]
  78              	.LBE4:
  79:Src/stm32f1xx_hal_msp.c **** 
  80:Src/stm32f1xx_hal_msp.c ****   /* USER CODE BEGIN MspInit 1 */
  81:Src/stm32f1xx_hal_msp.c **** 
  82:Src/stm32f1xx_hal_msp.c ****   /* USER CODE END MspInit 1 */
  83:Src/stm32f1xx_hal_msp.c **** }
  79              		.loc 1 83 1 is_stmt 0 view .LVU16
  80 0036 02B0     		add	sp, sp, #8
  81              	.LCFI1:
  82              		.cfi_def_cfa_offset 0
  83              		@ sp needed
  84 0038 7047     		bx	lr
  85              	.L4:
  86 003a 00BF     		.align	2
  87              	.L3:
  88 003c 00100240 		.word	1073876992
  89 0040 00000140 		.word	1073807360
ARM GAS  C:\Users\madmax\AppData\Local\Temp\cckcS73n.s 			page 4


  90              		.cfi_endproc
  91              	.LFE65:
  93              		.comm	QuatW,4,4
  94              		.comm	QuatZ,4,4
  95              		.comm	QuatY,4,4
  96              		.comm	QuatX,4,4
  97              		.comm	f_report,16,4
  98              		.comm	send_report,16,4
  99              		.comm	packet_num,1,1
 100              		.comm	video_detected,1,1
 101              		.comm	hid_ver,1,1
 102              		.comm	edid,1,1
 103              		.comm	mode,1,1
 104              		.comm	stage,1,1
 105              		.comm	old_status,1,1
 106              		.comm	lane_status,1,1
 107              		.comm	status,1,1
 108              		.text
 109              	.Letext0:
 110              		.file 2 "d:\\stm32\\gnu mcu eclipse\\arm embedded gcc\\8.2.1-1.4-20190214-0604\\arm-none-eabi\\inc
 111              		.file 3 "d:\\stm32\\gnu mcu eclipse\\arm embedded gcc\\8.2.1-1.4-20190214-0604\\arm-none-eabi\\inc
 112              		.file 4 "Drivers/CMSIS/Include/core_cm3.h"
 113              		.file 5 "Drivers/CMSIS/Device/ST/STM32F1xx/Include/system_stm32f1xx.h"
 114              		.file 6 "Drivers/CMSIS/Device/ST/STM32F1xx/Include/stm32f103xb.h"
 115              		.file 7 "Drivers/STM32F1xx_HAL_Driver/Inc/stm32f1xx_hal.h"
 116              		.file 8 "Inc/main.h"
ARM GAS  C:\Users\madmax\AppData\Local\Temp\cckcS73n.s 			page 5


DEFINED SYMBOLS
                            *ABS*:0000000000000000 stm32f1xx_hal_msp.c
C:\Users\madmax\AppData\Local\Temp\cckcS73n.s:16     .text.HAL_MspInit:0000000000000000 $t
C:\Users\madmax\AppData\Local\Temp\cckcS73n.s:24     .text.HAL_MspInit:0000000000000000 HAL_MspInit
C:\Users\madmax\AppData\Local\Temp\cckcS73n.s:88     .text.HAL_MspInit:000000000000003c $d
                            *COM*:0000000000000004 QuatW
                            *COM*:0000000000000004 QuatZ
                            *COM*:0000000000000004 QuatY
                            *COM*:0000000000000004 QuatX
                            *COM*:0000000000000010 f_report
                            *COM*:0000000000000010 send_report
                            *COM*:0000000000000001 packet_num
                            *COM*:0000000000000001 video_detected
                            *COM*:0000000000000001 hid_ver
                            *COM*:0000000000000001 edid
                            *COM*:0000000000000001 mode
                            *COM*:0000000000000001 stage
                            *COM*:0000000000000001 old_status
                            *COM*:0000000000000001 lane_status
                            *COM*:0000000000000001 status

NO UNDEFINED SYMBOLS
