ARM GAS  C:\Users\madmax\AppData\Local\Temp\ccJ8oyiz.s 			page 1


   1              		.cpu cortex-m3
   2              		.eabi_attribute 20, 1
   3              		.eabi_attribute 21, 1
   4              		.eabi_attribute 23, 3
   5              		.eabi_attribute 24, 1
   6              		.eabi_attribute 25, 1
   7              		.eabi_attribute 26, 1
   8              		.eabi_attribute 30, 1
   9              		.eabi_attribute 34, 1
  10              		.eabi_attribute 18, 4
  11              		.file	"usbd_cdc_if.c"
  12              		.text
  13              	.Ltext0:
  14              		.cfi_sections	.debug_frame
  15              		.section	.text.CDC_DeInit_FS,"ax",%progbits
  16              		.align	1
  17              		.arch armv7-m
  18              		.syntax unified
  19              		.thumb
  20              		.thumb_func
  21              		.fpu softvfp
  23              	CDC_DeInit_FS:
  24              	.LFB69:
  25              		.file 1 "Src/usbd_cdc_if.c"
   1:Src/usbd_cdc_if.c **** /* USER CODE BEGIN Header */
   2:Src/usbd_cdc_if.c **** /**
   3:Src/usbd_cdc_if.c ****   ******************************************************************************
   4:Src/usbd_cdc_if.c ****   * @file           : usbd_cdc_if.c
   5:Src/usbd_cdc_if.c ****   * @version        : v2.0_Cube
   6:Src/usbd_cdc_if.c ****   * @brief          : Usb device for Virtual Com Port.
   7:Src/usbd_cdc_if.c ****   ******************************************************************************
   8:Src/usbd_cdc_if.c ****   * @attention
   9:Src/usbd_cdc_if.c ****   *
  10:Src/usbd_cdc_if.c ****   * <h2><center>&copy; Copyright (c) 2019 STMicroelectronics.
  11:Src/usbd_cdc_if.c ****   * All rights reserved.</center></h2>
  12:Src/usbd_cdc_if.c ****   *
  13:Src/usbd_cdc_if.c ****   * This software component is licensed by ST under Ultimate Liberty license
  14:Src/usbd_cdc_if.c ****   * SLA0044, the "License"; You may not use this file except in compliance with
  15:Src/usbd_cdc_if.c ****   * the License. You may obtain a copy of the License at:
  16:Src/usbd_cdc_if.c ****   *                             www.st.com/SLA0044
  17:Src/usbd_cdc_if.c ****   *
  18:Src/usbd_cdc_if.c ****   ******************************************************************************
  19:Src/usbd_cdc_if.c ****   */
  20:Src/usbd_cdc_if.c **** /* USER CODE END Header */
  21:Src/usbd_cdc_if.c **** 
  22:Src/usbd_cdc_if.c **** /* Includes ------------------------------------------------------------------*/
  23:Src/usbd_cdc_if.c **** #include "usbd_cdc_if.h"
  24:Src/usbd_cdc_if.c **** 
  25:Src/usbd_cdc_if.c **** /* USER CODE BEGIN INCLUDE */
  26:Src/usbd_cdc_if.c **** 
  27:Src/usbd_cdc_if.c **** /* USER CODE END INCLUDE */
  28:Src/usbd_cdc_if.c **** 
  29:Src/usbd_cdc_if.c **** /* Private typedef -----------------------------------------------------------*/
  30:Src/usbd_cdc_if.c **** /* Private define ------------------------------------------------------------*/
  31:Src/usbd_cdc_if.c **** /* Private macro -------------------------------------------------------------*/
  32:Src/usbd_cdc_if.c **** 
  33:Src/usbd_cdc_if.c **** /* USER CODE BEGIN PV */
ARM GAS  C:\Users\madmax\AppData\Local\Temp\ccJ8oyiz.s 			page 2


  34:Src/usbd_cdc_if.c **** /* Private variables ---------------------------------------------------------*/
  35:Src/usbd_cdc_if.c **** static struct
  36:Src/usbd_cdc_if.c **** {
  37:Src/usbd_cdc_if.c ****     uint8_t Buffer[CDC_DATA_HS_OUT_PACKET_SIZE];
  38:Src/usbd_cdc_if.c ****     int Position, Size;
  39:Src/usbd_cdc_if.c ****     char ReadDone;
  40:Src/usbd_cdc_if.c **** } RxBuffer;
  41:Src/usbd_cdc_if.c **** 
  42:Src/usbd_cdc_if.c **** char VCPInitialized;
  43:Src/usbd_cdc_if.c **** /* USER CODE END PV */
  44:Src/usbd_cdc_if.c **** 
  45:Src/usbd_cdc_if.c **** /** @addtogroup STM32_USB_OTG_DEVICE_LIBRARY
  46:Src/usbd_cdc_if.c ****   * @brief Usb device library.
  47:Src/usbd_cdc_if.c ****   * @{
  48:Src/usbd_cdc_if.c ****   */
  49:Src/usbd_cdc_if.c **** 
  50:Src/usbd_cdc_if.c **** /** @addtogroup USBD_CDC_IF
  51:Src/usbd_cdc_if.c ****   * @{
  52:Src/usbd_cdc_if.c ****   */
  53:Src/usbd_cdc_if.c **** 
  54:Src/usbd_cdc_if.c **** /** @defgroup USBD_CDC_IF_Private_TypesDefinitions USBD_CDC_IF_Private_TypesDefinitions
  55:Src/usbd_cdc_if.c ****   * @brief Private types.
  56:Src/usbd_cdc_if.c ****   * @{
  57:Src/usbd_cdc_if.c ****   */
  58:Src/usbd_cdc_if.c **** 
  59:Src/usbd_cdc_if.c **** /* USER CODE BEGIN PRIVATE_TYPES */
  60:Src/usbd_cdc_if.c **** 
  61:Src/usbd_cdc_if.c **** /* USER CODE END PRIVATE_TYPES */
  62:Src/usbd_cdc_if.c **** 
  63:Src/usbd_cdc_if.c **** /**
  64:Src/usbd_cdc_if.c ****   * @}
  65:Src/usbd_cdc_if.c ****   */
  66:Src/usbd_cdc_if.c **** 
  67:Src/usbd_cdc_if.c **** /** @defgroup USBD_CDC_IF_Private_Defines USBD_CDC_IF_Private_Defines
  68:Src/usbd_cdc_if.c ****   * @brief Private defines.
  69:Src/usbd_cdc_if.c ****   * @{
  70:Src/usbd_cdc_if.c ****   */
  71:Src/usbd_cdc_if.c **** 
  72:Src/usbd_cdc_if.c **** /* USER CODE BEGIN PRIVATE_DEFINES */
  73:Src/usbd_cdc_if.c **** /* Define size for the receive and transmit buffer over CDC */
  74:Src/usbd_cdc_if.c **** /* It's up to user to redefine and/or remove those define */
  75:Src/usbd_cdc_if.c **** 
  76:Src/usbd_cdc_if.c **** /* USER CODE END PRIVATE_DEFINES */
  77:Src/usbd_cdc_if.c **** 
  78:Src/usbd_cdc_if.c **** /**
  79:Src/usbd_cdc_if.c ****   * @}
  80:Src/usbd_cdc_if.c ****   */
  81:Src/usbd_cdc_if.c **** 
  82:Src/usbd_cdc_if.c **** /** @defgroup USBD_CDC_IF_Private_Macros USBD_CDC_IF_Private_Macros
  83:Src/usbd_cdc_if.c ****   * @brief Private macros.
  84:Src/usbd_cdc_if.c ****   * @{
  85:Src/usbd_cdc_if.c ****   */
  86:Src/usbd_cdc_if.c **** 
  87:Src/usbd_cdc_if.c **** /* USER CODE BEGIN PRIVATE_MACRO */
  88:Src/usbd_cdc_if.c **** 
  89:Src/usbd_cdc_if.c **** /* USER CODE END PRIVATE_MACRO */
  90:Src/usbd_cdc_if.c **** 
ARM GAS  C:\Users\madmax\AppData\Local\Temp\ccJ8oyiz.s 			page 3


  91:Src/usbd_cdc_if.c **** /**
  92:Src/usbd_cdc_if.c ****   * @}
  93:Src/usbd_cdc_if.c ****   */
  94:Src/usbd_cdc_if.c **** 
  95:Src/usbd_cdc_if.c **** /** @defgroup USBD_CDC_IF_Private_Variables USBD_CDC_IF_Private_Variables
  96:Src/usbd_cdc_if.c ****   * @brief Private variables.
  97:Src/usbd_cdc_if.c ****   * @{
  98:Src/usbd_cdc_if.c ****   */
  99:Src/usbd_cdc_if.c **** /* Create buffer for reception and transmission           */
 100:Src/usbd_cdc_if.c **** /* It's up to user to redefine and/or remove those define */
 101:Src/usbd_cdc_if.c **** /** Received data over USB are stored in this buffer      */
 102:Src/usbd_cdc_if.c **** uint8_t UserRxBufferFS[APP_RX_DATA_SIZE];
 103:Src/usbd_cdc_if.c **** 
 104:Src/usbd_cdc_if.c **** /** Data to send over USB CDC are stored in this buffer   */
 105:Src/usbd_cdc_if.c **** uint8_t UserTxBufferFS[APP_TX_DATA_SIZE];
 106:Src/usbd_cdc_if.c **** 
 107:Src/usbd_cdc_if.c **** /* USER CODE BEGIN PRIVATE_VARIABLES */
 108:Src/usbd_cdc_if.c **** 
 109:Src/usbd_cdc_if.c **** /* USER CODE END PRIVATE_VARIABLES */
 110:Src/usbd_cdc_if.c **** 
 111:Src/usbd_cdc_if.c **** /**
 112:Src/usbd_cdc_if.c ****   * @}
 113:Src/usbd_cdc_if.c ****   */
 114:Src/usbd_cdc_if.c **** 
 115:Src/usbd_cdc_if.c **** /** @defgroup USBD_CDC_IF_Exported_Variables USBD_CDC_IF_Exported_Variables
 116:Src/usbd_cdc_if.c ****   * @brief Public variables.
 117:Src/usbd_cdc_if.c ****   * @{
 118:Src/usbd_cdc_if.c ****   */
 119:Src/usbd_cdc_if.c **** 
 120:Src/usbd_cdc_if.c **** extern USBD_HandleTypeDef hUsbDeviceFS;
 121:Src/usbd_cdc_if.c **** 
 122:Src/usbd_cdc_if.c **** /* USER CODE BEGIN EXPORTED_VARIABLES */
 123:Src/usbd_cdc_if.c **** uint8_t CDC_Transmit_FS(uint8_t* Buf, uint16_t Len);
 124:Src/usbd_cdc_if.c **** /* USER CODE END EXPORTED_VARIABLES */
 125:Src/usbd_cdc_if.c **** 
 126:Src/usbd_cdc_if.c **** /**
 127:Src/usbd_cdc_if.c ****   * @}
 128:Src/usbd_cdc_if.c ****   */
 129:Src/usbd_cdc_if.c **** 
 130:Src/usbd_cdc_if.c **** /** @defgroup USBD_CDC_IF_Private_FunctionPrototypes USBD_CDC_IF_Private_FunctionPrototypes
 131:Src/usbd_cdc_if.c ****   * @brief Private functions declaration.
 132:Src/usbd_cdc_if.c ****   * @{
 133:Src/usbd_cdc_if.c ****   */
 134:Src/usbd_cdc_if.c **** 
 135:Src/usbd_cdc_if.c **** static int8_t CDC_Init_FS(void);
 136:Src/usbd_cdc_if.c **** static int8_t CDC_DeInit_FS(void);
 137:Src/usbd_cdc_if.c **** static int8_t CDC_Control_FS(uint8_t cmd, uint8_t* pbuf, uint16_t length);
 138:Src/usbd_cdc_if.c **** static int8_t CDC_Receive_FS(uint8_t* pbuf, uint32_t *Len);
 139:Src/usbd_cdc_if.c **** 
 140:Src/usbd_cdc_if.c **** /* USER CODE BEGIN PRIVATE_FUNCTIONS_DECLARATION */
 141:Src/usbd_cdc_if.c **** 
 142:Src/usbd_cdc_if.c **** /* USER CODE END PRIVATE_FUNCTIONS_DECLARATION */
 143:Src/usbd_cdc_if.c **** 
 144:Src/usbd_cdc_if.c **** /**
 145:Src/usbd_cdc_if.c ****   * @}
 146:Src/usbd_cdc_if.c ****   */
 147:Src/usbd_cdc_if.c **** 
ARM GAS  C:\Users\madmax\AppData\Local\Temp\ccJ8oyiz.s 			page 4


 148:Src/usbd_cdc_if.c **** USBD_CDC_ItfTypeDef USBD_Interface_fops_FS =
 149:Src/usbd_cdc_if.c **** {
 150:Src/usbd_cdc_if.c ****   CDC_Init_FS,
 151:Src/usbd_cdc_if.c ****   CDC_DeInit_FS,
 152:Src/usbd_cdc_if.c ****   CDC_Control_FS,
 153:Src/usbd_cdc_if.c ****   CDC_Receive_FS
 154:Src/usbd_cdc_if.c **** };
 155:Src/usbd_cdc_if.c **** /* Private functions ---------------------------------------------------------*/
 156:Src/usbd_cdc_if.c **** /**
 157:Src/usbd_cdc_if.c ****   * @brief  CDC_Init_FS
 158:Src/usbd_cdc_if.c ****   *         Initializes the CDC media low layer over the FS USB IP
 159:Src/usbd_cdc_if.c ****   * @param  None
 160:Src/usbd_cdc_if.c ****   * @retval Result of the operation: USBD_OK if all operations are OK else USBD_FAIL
 161:Src/usbd_cdc_if.c ****   */
 162:Src/usbd_cdc_if.c **** static int8_t CDC_Init_FS(void)
 163:Src/usbd_cdc_if.c **** { 
 164:Src/usbd_cdc_if.c ****   /* USER CODE BEGIN 3 */ 
 165:Src/usbd_cdc_if.c ****   /* Set Application Buffers */
 166:Src/usbd_cdc_if.c ****  /////// USBD_CDC_SetTxBuffer(&hUsbDeviceFS, UserTxBufferFS, 0);
 167:Src/usbd_cdc_if.c ****   ////USBD_CDC_SetRxBuffer(&hUsbDeviceFS, UserRxBufferFS);
 168:Src/usbd_cdc_if.c ****   USBD_CDC_SetRxBuffer(&hUsbDeviceFS, RxBuffer.Buffer);
 169:Src/usbd_cdc_if.c ****   VCPInitialized = 1;
 170:Src/usbd_cdc_if.c ****   return (USBD_OK);
 171:Src/usbd_cdc_if.c ****   /* USER CODE END 3 */ 
 172:Src/usbd_cdc_if.c **** }
 173:Src/usbd_cdc_if.c **** 
 174:Src/usbd_cdc_if.c **** /**
 175:Src/usbd_cdc_if.c ****   * @brief  CDC_DeInit_FS
 176:Src/usbd_cdc_if.c ****   *         DeInitializes the CDC media low layer
 177:Src/usbd_cdc_if.c ****   * @param  None
 178:Src/usbd_cdc_if.c ****   * @retval Result of the operation: USBD_OK if all operations are OK else USBD_FAIL
 179:Src/usbd_cdc_if.c ****   */
 180:Src/usbd_cdc_if.c **** static int8_t CDC_DeInit_FS(void)
 181:Src/usbd_cdc_if.c **** {
  26              		.loc 1 181 1 view -0
  27              		.cfi_startproc
  28              		@ args = 0, pretend = 0, frame = 0
  29              		@ frame_needed = 0, uses_anonymous_args = 0
  30              		@ link register save eliminated.
 182:Src/usbd_cdc_if.c ****   /* USER CODE BEGIN 4 */ 
 183:Src/usbd_cdc_if.c ****   VCPInitialized = 0;
  31              		.loc 1 183 3 view .LVU1
  32              		.loc 1 183 18 is_stmt 0 view .LVU2
  33 0000 0020     		movs	r0, #0
  34 0002 014B     		ldr	r3, .L2
  35 0004 1870     		strb	r0, [r3]
 184:Src/usbd_cdc_if.c ****   return (USBD_OK);
  36              		.loc 1 184 3 is_stmt 1 view .LVU3
 185:Src/usbd_cdc_if.c ****   /* USER CODE END 4 */ 
 186:Src/usbd_cdc_if.c **** }
  37              		.loc 1 186 1 is_stmt 0 view .LVU4
  38 0006 7047     		bx	lr
  39              	.L3:
  40              		.align	2
  41              	.L2:
  42 0008 00000000 		.word	VCPInitialized
  43              		.cfi_endproc
ARM GAS  C:\Users\madmax\AppData\Local\Temp\ccJ8oyiz.s 			page 5


  44              	.LFE69:
  46              		.section	.text.CDC_Control_FS,"ax",%progbits
  47              		.align	1
  48              		.syntax unified
  49              		.thumb
  50              		.thumb_func
  51              		.fpu softvfp
  53              	CDC_Control_FS:
  54              	.LVL0:
  55              	.LFB70:
 187:Src/usbd_cdc_if.c **** 
 188:Src/usbd_cdc_if.c **** /**
 189:Src/usbd_cdc_if.c ****   * @brief  CDC_Control_FS
 190:Src/usbd_cdc_if.c ****   *         Manage the CDC class requests
 191:Src/usbd_cdc_if.c ****   * @param  cmd: Command code            
 192:Src/usbd_cdc_if.c ****   * @param  pbuf: Buffer containing command data (request parameters)
 193:Src/usbd_cdc_if.c ****   * @param  length: Number of data to be sent (in bytes)
 194:Src/usbd_cdc_if.c ****   * @retval Result of the operation: USBD_OK if all operations are OK else USBD_FAIL
 195:Src/usbd_cdc_if.c ****   */
 196:Src/usbd_cdc_if.c **** static int8_t CDC_Control_FS  (uint8_t cmd, uint8_t* pbuf, uint16_t length)
 197:Src/usbd_cdc_if.c **** { 
  56              		.loc 1 197 1 is_stmt 1 view -0
  57              		.cfi_startproc
  58              		@ args = 0, pretend = 0, frame = 0
  59              		@ frame_needed = 0, uses_anonymous_args = 0
  60              		@ link register save eliminated.
 198:Src/usbd_cdc_if.c ****   /* USER CODE BEGIN 5 */
 199:Src/usbd_cdc_if.c ****   switch (cmd)
  61              		.loc 1 199 3 view .LVU6
 200:Src/usbd_cdc_if.c ****   {
 201:Src/usbd_cdc_if.c ****   case CDC_SEND_ENCAPSULATED_COMMAND:
 202:Src/usbd_cdc_if.c ****  
 203:Src/usbd_cdc_if.c ****     break;
 204:Src/usbd_cdc_if.c **** 
 205:Src/usbd_cdc_if.c ****   case CDC_GET_ENCAPSULATED_RESPONSE:
 206:Src/usbd_cdc_if.c ****  
 207:Src/usbd_cdc_if.c ****     break;
 208:Src/usbd_cdc_if.c **** 
 209:Src/usbd_cdc_if.c ****   case CDC_SET_COMM_FEATURE:
 210:Src/usbd_cdc_if.c ****  
 211:Src/usbd_cdc_if.c ****     break;
 212:Src/usbd_cdc_if.c **** 
 213:Src/usbd_cdc_if.c ****   case CDC_GET_COMM_FEATURE:
 214:Src/usbd_cdc_if.c **** 
 215:Src/usbd_cdc_if.c ****     break;
 216:Src/usbd_cdc_if.c **** 
 217:Src/usbd_cdc_if.c ****   case CDC_CLEAR_COMM_FEATURE:
 218:Src/usbd_cdc_if.c **** 
 219:Src/usbd_cdc_if.c ****     break;
 220:Src/usbd_cdc_if.c **** 
 221:Src/usbd_cdc_if.c ****   /*******************************************************************************/
 222:Src/usbd_cdc_if.c ****   /* Line Coding Structure                                                       */
 223:Src/usbd_cdc_if.c ****   /*-----------------------------------------------------------------------------*/
 224:Src/usbd_cdc_if.c ****   /* Offset | Field       | Size | Value  | Description                          */
 225:Src/usbd_cdc_if.c ****   /* 0      | dwDTERate   |   4  | Number |Data terminal rate, in bits per second*/
 226:Src/usbd_cdc_if.c ****   /* 4      | bCharFormat |   1  | Number | Stop bits                            */
 227:Src/usbd_cdc_if.c ****   /*                                        0 - 1 Stop bit                       */
ARM GAS  C:\Users\madmax\AppData\Local\Temp\ccJ8oyiz.s 			page 6


 228:Src/usbd_cdc_if.c ****   /*                                        1 - 1.5 Stop bits                    */
 229:Src/usbd_cdc_if.c ****   /*                                        2 - 2 Stop bits                      */
 230:Src/usbd_cdc_if.c ****   /* 5      | bParityType |  1   | Number | Parity                               */
 231:Src/usbd_cdc_if.c ****   /*                                        0 - None                             */
 232:Src/usbd_cdc_if.c ****   /*                                        1 - Odd                              */ 
 233:Src/usbd_cdc_if.c ****   /*                                        2 - Even                             */
 234:Src/usbd_cdc_if.c ****   /*                                        3 - Mark                             */
 235:Src/usbd_cdc_if.c ****   /*                                        4 - Space                            */
 236:Src/usbd_cdc_if.c ****   /* 6      | bDataBits  |   1   | Number Data bits (5, 6, 7, 8 or 16).          */
 237:Src/usbd_cdc_if.c ****   /*******************************************************************************/
 238:Src/usbd_cdc_if.c ****   case CDC_SET_LINE_CODING:   
 239:Src/usbd_cdc_if.c **** 	
 240:Src/usbd_cdc_if.c ****     break;
 241:Src/usbd_cdc_if.c **** 
 242:Src/usbd_cdc_if.c ****   case CDC_GET_LINE_CODING:     
 243:Src/usbd_cdc_if.c **** 
 244:Src/usbd_cdc_if.c ****     break;
 245:Src/usbd_cdc_if.c **** 
 246:Src/usbd_cdc_if.c ****   case CDC_SET_CONTROL_LINE_STATE:
 247:Src/usbd_cdc_if.c **** 
 248:Src/usbd_cdc_if.c ****     break;
 249:Src/usbd_cdc_if.c **** 
 250:Src/usbd_cdc_if.c ****   case CDC_SEND_BREAK:
 251:Src/usbd_cdc_if.c ****  
 252:Src/usbd_cdc_if.c ****     break;    
 253:Src/usbd_cdc_if.c ****     
 254:Src/usbd_cdc_if.c ****   default:
 255:Src/usbd_cdc_if.c ****     break;
 256:Src/usbd_cdc_if.c ****   }
 257:Src/usbd_cdc_if.c **** 
 258:Src/usbd_cdc_if.c ****   return (USBD_OK);
  62              		.loc 1 258 3 view .LVU7
 259:Src/usbd_cdc_if.c ****   /* USER CODE END 5 */
 260:Src/usbd_cdc_if.c **** }
  63              		.loc 1 260 1 is_stmt 0 view .LVU8
  64 0000 0020     		movs	r0, #0
  65              	.LVL1:
  66              		.loc 1 260 1 view .LVU9
  67 0002 7047     		bx	lr
  68              		.cfi_endproc
  69              	.LFE70:
  71              		.section	.text.CDC_Receive_FS,"ax",%progbits
  72              		.align	1
  73              		.syntax unified
  74              		.thumb
  75              		.thumb_func
  76              		.fpu softvfp
  78              	CDC_Receive_FS:
  79              	.LVL2:
  80              	.LFB71:
 261:Src/usbd_cdc_if.c **** 
 262:Src/usbd_cdc_if.c **** /**
 263:Src/usbd_cdc_if.c ****   * @brief  CDC_Receive_FS
 264:Src/usbd_cdc_if.c ****   *         Data received over USB OUT endpoint are sent over CDC interface 
 265:Src/usbd_cdc_if.c ****   *         through this function.
 266:Src/usbd_cdc_if.c ****   *           
 267:Src/usbd_cdc_if.c ****   *         @note
ARM GAS  C:\Users\madmax\AppData\Local\Temp\ccJ8oyiz.s 			page 7


 268:Src/usbd_cdc_if.c ****   *         This function will block any OUT packet reception on USB endpoint 
 269:Src/usbd_cdc_if.c ****   *         untill exiting this function. If you exit this function before transfer
 270:Src/usbd_cdc_if.c ****   *         is complete on CDC interface (ie. using DMA controller) it will result 
 271:Src/usbd_cdc_if.c ****   *         in receiving more data while previous ones are still not sent.
 272:Src/usbd_cdc_if.c ****   *                 
 273:Src/usbd_cdc_if.c ****   * @param  Buf: Buffer of data to be received
 274:Src/usbd_cdc_if.c ****   * @param  Len: Number of data received (in bytes)
 275:Src/usbd_cdc_if.c ****   * @retval Result of the operation: USBD_OK if all operations are OK else USBD_FAIL
 276:Src/usbd_cdc_if.c ****   */
 277:Src/usbd_cdc_if.c **** static int8_t CDC_Receive_FS (uint8_t* Buf, uint32_t *Len)
 278:Src/usbd_cdc_if.c **** {
  81              		.loc 1 278 1 is_stmt 1 view -0
  82              		.cfi_startproc
  83              		@ args = 0, pretend = 0, frame = 0
  84              		@ frame_needed = 0, uses_anonymous_args = 0
  85              		@ link register save eliminated.
 279:Src/usbd_cdc_if.c ****     /* USER CODE BEGIN 6 */
 280:Src/usbd_cdc_if.c **** 
 281:Src/usbd_cdc_if.c **** 	RxBuffer.Position = 0;
  86              		.loc 1 281 2 view .LVU11
  87              		.loc 1 281 20 is_stmt 0 view .LVU12
  88 0000 044B     		ldr	r3, .L6
  89 0002 0020     		movs	r0, #0
  90              	.LVL3:
  91              		.loc 1 281 20 view .LVU13
  92 0004 1864     		str	r0, [r3, #64]
 282:Src/usbd_cdc_if.c ****   RxBuffer.Size = *Len;
  93              		.loc 1 282 3 is_stmt 1 view .LVU14
  94              		.loc 1 282 19 is_stmt 0 view .LVU15
  95 0006 0A68     		ldr	r2, [r1]
  96              		.loc 1 282 17 view .LVU16
  97 0008 5A64     		str	r2, [r3, #68]
 283:Src/usbd_cdc_if.c ****   RxBuffer.ReadDone = 1;
  98              		.loc 1 283 3 is_stmt 1 view .LVU17
  99              		.loc 1 283 21 is_stmt 0 view .LVU18
 100 000a 0122     		movs	r2, #1
 101 000c 83F84820 		strb	r2, [r3, #72]
 284:Src/usbd_cdc_if.c ****   return (USBD_OK);
 102              		.loc 1 284 3 is_stmt 1 view .LVU19
 285:Src/usbd_cdc_if.c **** 
 286:Src/usbd_cdc_if.c ****   /* USER CODE END 6 */ 
 287:Src/usbd_cdc_if.c **** }
 103              		.loc 1 287 1 is_stmt 0 view .LVU20
 104 0010 7047     		bx	lr
 105              	.L7:
 106 0012 00BF     		.align	2
 107              	.L6:
 108 0014 00000000 		.word	.LANCHOR0
 109              		.cfi_endproc
 110              	.LFE71:
 112              		.section	.text.CDC_Init_FS,"ax",%progbits
 113              		.align	1
 114              		.syntax unified
 115              		.thumb
 116              		.thumb_func
 117              		.fpu softvfp
 119              	CDC_Init_FS:
ARM GAS  C:\Users\madmax\AppData\Local\Temp\ccJ8oyiz.s 			page 8


 120              	.LFB68:
 163:Src/usbd_cdc_if.c ****   /* USER CODE BEGIN 3 */ 
 121              		.loc 1 163 1 is_stmt 1 view -0
 122              		.cfi_startproc
 123              		@ args = 0, pretend = 0, frame = 0
 124              		@ frame_needed = 0, uses_anonymous_args = 0
 125 0000 08B5     		push	{r3, lr}
 126              	.LCFI0:
 127              		.cfi_def_cfa_offset 8
 128              		.cfi_offset 3, -8
 129              		.cfi_offset 14, -4
 168:Src/usbd_cdc_if.c ****   VCPInitialized = 1;
 130              		.loc 1 168 3 view .LVU22
 131 0002 0449     		ldr	r1, .L10
 132 0004 0448     		ldr	r0, .L10+4
 133 0006 FFF7FEFF 		bl	USBD_CDC_SetRxBuffer
 134              	.LVL4:
 169:Src/usbd_cdc_if.c ****   return (USBD_OK);
 135              		.loc 1 169 3 view .LVU23
 169:Src/usbd_cdc_if.c ****   return (USBD_OK);
 136              		.loc 1 169 18 is_stmt 0 view .LVU24
 137 000a 044B     		ldr	r3, .L10+8
 138 000c 0122     		movs	r2, #1
 139 000e 1A70     		strb	r2, [r3]
 170:Src/usbd_cdc_if.c ****   /* USER CODE END 3 */ 
 140              		.loc 1 170 3 is_stmt 1 view .LVU25
 172:Src/usbd_cdc_if.c **** 
 141              		.loc 1 172 1 is_stmt 0 view .LVU26
 142 0010 0020     		movs	r0, #0
 143 0012 08BD     		pop	{r3, pc}
 144              	.L11:
 145              		.align	2
 146              	.L10:
 147 0014 00000000 		.word	.LANCHOR0
 148 0018 00000000 		.word	hUsbDeviceFS
 149 001c 00000000 		.word	VCPInitialized
 150              		.cfi_endproc
 151              	.LFE68:
 153              		.section	.text.VCP_len,"ax",%progbits
 154              		.align	1
 155              		.global	VCP_len
 156              		.syntax unified
 157              		.thumb
 158              		.thumb_func
 159              		.fpu softvfp
 161              	VCP_len:
 162              	.LFB72:
 288:Src/usbd_cdc_if.c **** 
 289:Src/usbd_cdc_if.c **** /**
 290:Src/usbd_cdc_if.c ****   * @brief  CDC_Transmit_FS
 291:Src/usbd_cdc_if.c ****   *         Data send over USB IN endpoint are sent over CDC interface 
 292:Src/usbd_cdc_if.c ****   *         through this function.           
 293:Src/usbd_cdc_if.c ****   *         @note
 294:Src/usbd_cdc_if.c ****   *         
 295:Src/usbd_cdc_if.c ****   *                 
 296:Src/usbd_cdc_if.c ****   * @param  Buf: Buffer of data to be send
 297:Src/usbd_cdc_if.c ****   * @param  Len: Number of data to be send (in bytes)
ARM GAS  C:\Users\madmax\AppData\Local\Temp\ccJ8oyiz.s 			page 9


 298:Src/usbd_cdc_if.c ****   * @retval Result of the operation: USBD_OK if all operations are OK else USBD_FAIL or USBD_BUSY
 299:Src/usbd_cdc_if.c ****   */
 300:Src/usbd_cdc_if.c **** //uint8_t CDC_Transmit_FS(uint8_t* Buf, uint16_t Len)
 301:Src/usbd_cdc_if.c **** //{
 302:Src/usbd_cdc_if.c ****  // uint8_t result = USBD_OK;
 303:Src/usbd_cdc_if.c ****   /* USER CODE BEGIN 7 */ 
 304:Src/usbd_cdc_if.c ****  // USBD_CDC_HandleTypeDef *hcdc = (USBD_CDC_HandleTypeDef*)hUsbDeviceFS.pClassData;
 305:Src/usbd_cdc_if.c ****  // if (hcdc->TxState != 0){
 306:Src/usbd_cdc_if.c ****  //   return USBD_BUSY;
 307:Src/usbd_cdc_if.c ****  // }
 308:Src/usbd_cdc_if.c ****  // USBD_CDC_SetTxBuffer(&hUsbDeviceFS, Buf, Len);
 309:Src/usbd_cdc_if.c ****  // result = USBD_CDC_TransmitPacket(&hUsbDeviceFS);
 310:Src/usbd_cdc_if.c ****   /* USER CODE END 7 */ 
 311:Src/usbd_cdc_if.c ****  // return result;
 312:Src/usbd_cdc_if.c **** //}
 313:Src/usbd_cdc_if.c **** 
 314:Src/usbd_cdc_if.c **** /* USER CODE BEGIN PRIVATE_FUNCTIONS_IMPLEMENTATION */
 315:Src/usbd_cdc_if.c **** int VCP_len()
 316:Src/usbd_cdc_if.c **** {
 163              		.loc 1 316 1 is_stmt 1 view -0
 164              		.cfi_startproc
 165              		@ args = 0, pretend = 0, frame = 0
 166              		@ frame_needed = 0, uses_anonymous_args = 0
 167              		@ link register save eliminated.
 317:Src/usbd_cdc_if.c ****     if (!RxBuffer.ReadDone)
 168              		.loc 1 317 5 view .LVU28
 169              		.loc 1 317 18 is_stmt 0 view .LVU29
 170 0000 044B     		ldr	r3, .L15
 171 0002 93F84830 		ldrb	r3, [r3, #72]	@ zero_extendqisi2
 172              		.loc 1 317 8 view .LVU30
 173 0006 13B1     		cbz	r3, .L14
 318:Src/usbd_cdc_if.c ****         return 0;
 319:Src/usbd_cdc_if.c ****   return RxBuffer.Position;
 174              		.loc 1 319 3 is_stmt 1 view .LVU31
 175              		.loc 1 319 18 is_stmt 0 view .LVU32
 176 0008 024B     		ldr	r3, .L15
 177 000a 186C     		ldr	r0, [r3, #64]
 178 000c 7047     		bx	lr
 179              	.L14:
 318:Src/usbd_cdc_if.c ****         return 0;
 180              		.loc 1 318 16 view .LVU33
 181 000e 0020     		movs	r0, #0
 320:Src/usbd_cdc_if.c **** }
 182              		.loc 1 320 1 view .LVU34
 183 0010 7047     		bx	lr
 184              	.L16:
 185 0012 00BF     		.align	2
 186              	.L15:
 187 0014 00000000 		.word	.LANCHOR0
 188              		.cfi_endproc
 189              	.LFE72:
 191              		.section	.text.VCP_read,"ax",%progbits
 192              		.align	1
 193              		.global	VCP_read
 194              		.syntax unified
 195              		.thumb
 196              		.thumb_func
ARM GAS  C:\Users\madmax\AppData\Local\Temp\ccJ8oyiz.s 			page 10


 197              		.fpu softvfp
 199              	VCP_read:
 200              	.LVL5:
 201              	.LFB73:
 321:Src/usbd_cdc_if.c **** 
 322:Src/usbd_cdc_if.c **** //int VCP_read(void *pBuffer, int size)
 323:Src/usbd_cdc_if.c **** int VCP_read(void *pBuffer, int size)
 324:Src/usbd_cdc_if.c **** {
 202              		.loc 1 324 1 is_stmt 1 view -0
 203              		.cfi_startproc
 204              		@ args = 0, pretend = 0, frame = 0
 205              		@ frame_needed = 0, uses_anonymous_args = 0
 206              		.loc 1 324 1 is_stmt 0 view .LVU36
 207 0000 38B5     		push	{r3, r4, r5, lr}
 208              	.LCFI1:
 209              		.cfi_def_cfa_offset 16
 210              		.cfi_offset 3, -16
 211              		.cfi_offset 4, -12
 212              		.cfi_offset 5, -8
 213              		.cfi_offset 14, -4
 325:Src/usbd_cdc_if.c **** 
 326:Src/usbd_cdc_if.c ****     if (!RxBuffer.ReadDone)
 214              		.loc 1 326 5 is_stmt 1 view .LVU37
 215              		.loc 1 326 18 is_stmt 0 view .LVU38
 216 0002 144B     		ldr	r3, .L22
 217 0004 93F84830 		ldrb	r3, [r3, #72]	@ zero_extendqisi2
 218              		.loc 1 326 8 view .LVU39
 219 0008 FBB1     		cbz	r3, .L19
 327:Src/usbd_cdc_if.c ****         return 0;
 328:Src/usbd_cdc_if.c **** 
 329:Src/usbd_cdc_if.c ****     int remaining = RxBuffer.Size - RxBuffer.Position;
 220              		.loc 1 329 5 is_stmt 1 view .LVU40
 221              		.loc 1 329 29 is_stmt 0 view .LVU41
 222 000a 124B     		ldr	r3, .L22
 223 000c 5C6C     		ldr	r4, [r3, #68]
 224              		.loc 1 329 45 view .LVU42
 225 000e 1B6C     		ldr	r3, [r3, #64]
 226              		.loc 1 329 9 view .LVU43
 227 0010 E41A     		subs	r4, r4, r3
 228              	.LVL6:
 330:Src/usbd_cdc_if.c ****     int todo = MIN(remaining, size);
 229              		.loc 1 330 5 is_stmt 1 view .LVU44
 230              		.loc 1 330 9 is_stmt 0 view .LVU45
 231 0012 8C42     		cmp	r4, r1
 232 0014 A8BF     		it	ge
 233 0016 0C46     		movge	r4, r1
 234              	.LVL7:
 331:Src/usbd_cdc_if.c ****     if (todo <= 0)
 235              		.loc 1 331 5 is_stmt 1 view .LVU46
 236              		.loc 1 331 8 is_stmt 0 view .LVU47
 237 0018 002C     		cmp	r4, #0
 238 001a 19DD     		ble	.L20
 332:Src/usbd_cdc_if.c ****         return 0;
 333:Src/usbd_cdc_if.c **** 
 334:Src/usbd_cdc_if.c ****     memcpy(pBuffer, RxBuffer.Buffer + RxBuffer.Position, todo);
 239              		.loc 1 334 5 is_stmt 1 view .LVU48
 240 001c 0D4D     		ldr	r5, .L22
ARM GAS  C:\Users\madmax\AppData\Local\Temp\ccJ8oyiz.s 			page 11


 241 001e 2246     		mov	r2, r4
 242 0020 E918     		adds	r1, r5, r3
 243              	.LVL8:
 244              		.loc 1 334 5 is_stmt 0 view .LVU49
 245 0022 FFF7FEFF 		bl	memcpy
 246              	.LVL9:
 335:Src/usbd_cdc_if.c ****     RxBuffer.Position += todo;
 247              		.loc 1 335 5 is_stmt 1 view .LVU50
 248              		.loc 1 335 23 is_stmt 0 view .LVU51
 249 0026 2B6C     		ldr	r3, [r5, #64]
 250 0028 2344     		add	r3, r3, r4
 251 002a 2B64     		str	r3, [r5, #64]
 336:Src/usbd_cdc_if.c ****     if (RxBuffer.Position >= RxBuffer.Size)
 252              		.loc 1 336 5 is_stmt 1 view .LVU52
 253              		.loc 1 336 38 is_stmt 0 view .LVU53
 254 002c 6A6C     		ldr	r2, [r5, #68]
 255              		.loc 1 336 8 view .LVU54
 256 002e 9342     		cmp	r3, r2
 257 0030 0CDB     		blt	.L17
 337:Src/usbd_cdc_if.c ****     {
 338:Src/usbd_cdc_if.c ****         RxBuffer.ReadDone = 0;
 258              		.loc 1 338 9 is_stmt 1 view .LVU55
 259              		.loc 1 338 27 is_stmt 0 view .LVU56
 260 0032 2946     		mov	r1, r5
 261 0034 0023     		movs	r3, #0
 262 0036 85F84830 		strb	r3, [r5, #72]
 339:Src/usbd_cdc_if.c ****         USBD_CDC_SetRxBuffer(&hUsbDeviceFS, RxBuffer.Buffer);
 263              		.loc 1 339 9 is_stmt 1 view .LVU57
 264 003a 074D     		ldr	r5, .L22+4
 265 003c 2846     		mov	r0, r5
 266 003e FFF7FEFF 		bl	USBD_CDC_SetRxBuffer
 267              	.LVL10:
 340:Src/usbd_cdc_if.c ****         USBD_CDC_ReceivePacket(&hUsbDeviceFS);
 268              		.loc 1 340 9 view .LVU58
 269 0042 2846     		mov	r0, r5
 270 0044 FFF7FEFF 		bl	USBD_CDC_ReceivePacket
 271              	.LVL11:
 272 0048 00E0     		b	.L17
 273              	.LVL12:
 274              	.L19:
 327:Src/usbd_cdc_if.c **** 
 275              		.loc 1 327 16 is_stmt 0 view .LVU59
 276 004a 0024     		movs	r4, #0
 277              	.LVL13:
 278              	.L17:
 341:Src/usbd_cdc_if.c ****     }
 342:Src/usbd_cdc_if.c **** 
 343:Src/usbd_cdc_if.c ****     return todo;
 344:Src/usbd_cdc_if.c **** 
 345:Src/usbd_cdc_if.c **** 
 346:Src/usbd_cdc_if.c ****    
 347:Src/usbd_cdc_if.c ****     
 348:Src/usbd_cdc_if.c **** }
 279              		.loc 1 348 1 view .LVU60
 280 004c 2046     		mov	r0, r4
 281 004e 38BD     		pop	{r3, r4, r5, pc}
 282              	.LVL14:
ARM GAS  C:\Users\madmax\AppData\Local\Temp\ccJ8oyiz.s 			page 12


 283              	.L20:
 332:Src/usbd_cdc_if.c **** 
 284              		.loc 1 332 16 view .LVU61
 285 0050 0024     		movs	r4, #0
 286              	.LVL15:
 332:Src/usbd_cdc_if.c **** 
 287              		.loc 1 332 16 view .LVU62
 288 0052 FBE7     		b	.L17
 289              	.L23:
 290              		.align	2
 291              	.L22:
 292 0054 00000000 		.word	.LANCHOR0
 293 0058 00000000 		.word	hUsbDeviceFS
 294              		.cfi_endproc
 295              	.LFE73:
 297              		.section	.text.VCP_write,"ax",%progbits
 298              		.align	1
 299              		.global	VCP_write
 300              		.syntax unified
 301              		.thumb
 302              		.thumb_func
 303              		.fpu softvfp
 305              	VCP_write:
 306              	.LVL16:
 307              	.LFB74:
 349:Src/usbd_cdc_if.c **** 
 350:Src/usbd_cdc_if.c **** int VCP_write(const void *pBuffer, int size)
 351:Src/usbd_cdc_if.c **** 
 352:Src/usbd_cdc_if.c **** {
 308              		.loc 1 352 1 is_stmt 1 view -0
 309              		.cfi_startproc
 310              		@ args = 0, pretend = 0, frame = 0
 311              		@ frame_needed = 0, uses_anonymous_args = 0
 312              		.loc 1 352 1 is_stmt 0 view .LVU64
 313 0000 F8B5     		push	{r3, r4, r5, r6, r7, lr}
 314              	.LCFI2:
 315              		.cfi_def_cfa_offset 24
 316              		.cfi_offset 3, -24
 317              		.cfi_offset 4, -20
 318              		.cfi_offset 5, -16
 319              		.cfi_offset 6, -12
 320              		.cfi_offset 7, -8
 321              		.cfi_offset 14, -4
 322 0002 0746     		mov	r7, r0
 323 0004 0E46     		mov	r6, r1
 353:Src/usbd_cdc_if.c **** 
 354:Src/usbd_cdc_if.c ****     if (size > CDC_DATA_HS_OUT_PACKET_SIZE)
 324              		.loc 1 354 5 is_stmt 1 view .LVU65
 325              		.loc 1 354 8 is_stmt 0 view .LVU66
 326 0006 4029     		cmp	r1, #64
 327 0008 16DC     		bgt	.L32
 355:Src/usbd_cdc_if.c ****     {
 356:Src/usbd_cdc_if.c ****         int offset;
 357:Src/usbd_cdc_if.c ****         for (offset = 0; offset < size; offset++)
 358:Src/usbd_cdc_if.c ****         {
 359:Src/usbd_cdc_if.c ****             int todo = MIN(CDC_DATA_HS_OUT_PACKET_SIZE,
 360:Src/usbd_cdc_if.c ****                            size - offset);
ARM GAS  C:\Users\madmax\AppData\Local\Temp\ccJ8oyiz.s 			page 13


 361:Src/usbd_cdc_if.c ****             int done = VCP_write(((char *)pBuffer) + offset, todo);
 362:Src/usbd_cdc_if.c ****             if (done != todo)
 363:Src/usbd_cdc_if.c ****                 return offset + done;
 364:Src/usbd_cdc_if.c ****         }
 365:Src/usbd_cdc_if.c **** 
 366:Src/usbd_cdc_if.c ****         return size;
 367:Src/usbd_cdc_if.c ****     }
 368:Src/usbd_cdc_if.c **** 
 369:Src/usbd_cdc_if.c ****     USBD_CDC_HandleTypeDef *pCDC =
 328              		.loc 1 369 5 is_stmt 1 view .LVU67
 329              		.loc 1 369 29 is_stmt 0 view .LVU68
 330 000a 144B     		ldr	r3, .L37
 331 000c D3F8B842 		ldr	r4, [r3, #696]
 332              	.LVL17:
 370:Src/usbd_cdc_if.c ****             (USBD_CDC_HandleTypeDef *)hUsbDeviceFS.pClassData;
 371:Src/usbd_cdc_if.c ****     while(pCDC->TxState) { } //Wait for previous transfer
 333              		.loc 1 371 5 is_stmt 1 view .LVU69
 334              	.L30:
 335              		.loc 1 371 28 discriminator 1 view .LVU70
 336              		.loc 1 371 15 is_stmt 0 discriminator 1 view .LVU71
 337 0010 636D     		ldr	r3, [r4, #84]
 338              		.loc 1 371 10 discriminator 1 view .LVU72
 339 0012 002B     		cmp	r3, #0
 340 0014 FCD1     		bne	.L30
 372:Src/usbd_cdc_if.c **** 
 373:Src/usbd_cdc_if.c ****     USBD_CDC_SetTxBuffer(&hUsbDeviceFS, (uint8_t *)pBuffer, size);
 341              		.loc 1 373 5 is_stmt 1 view .LVU73
 342 0016 114D     		ldr	r5, .L37
 343 0018 B2B2     		uxth	r2, r6
 344 001a 3946     		mov	r1, r7
 345              	.LVL18:
 346              		.loc 1 373 5 is_stmt 0 view .LVU74
 347 001c 2846     		mov	r0, r5
 348              	.LVL19:
 349              		.loc 1 373 5 view .LVU75
 350 001e FFF7FEFF 		bl	USBD_CDC_SetTxBuffer
 351              	.LVL20:
 374:Src/usbd_cdc_if.c ****     if (USBD_CDC_TransmitPacket(&hUsbDeviceFS) != USBD_OK)
 352              		.loc 1 374 5 is_stmt 1 view .LVU76
 353              		.loc 1 374 9 is_stmt 0 view .LVU77
 354 0022 2846     		mov	r0, r5
 355 0024 FFF7FEFF 		bl	USBD_CDC_TransmitPacket
 356              	.LVL21:
 357              		.loc 1 374 8 view .LVU78
 358 0028 A8B9     		cbnz	r0, .L33
 359              	.L31:
 375:Src/usbd_cdc_if.c ****         return 0;
 376:Src/usbd_cdc_if.c **** 
 377:Src/usbd_cdc_if.c ****     while(pCDC->TxState) { } //Wait until transfer is done
 360              		.loc 1 377 28 is_stmt 1 discriminator 1 view .LVU79
 361              		.loc 1 377 15 is_stmt 0 discriminator 1 view .LVU80
 362 002a 636D     		ldr	r3, [r4, #84]
 363              		.loc 1 377 10 discriminator 1 view .LVU81
 364 002c 002B     		cmp	r3, #0
 365 002e FCD1     		bne	.L31
 366              	.LVL22:
 367              	.L28:
ARM GAS  C:\Users\madmax\AppData\Local\Temp\ccJ8oyiz.s 			page 14


 378:Src/usbd_cdc_if.c ****     return size;
 379:Src/usbd_cdc_if.c **** }
 368              		.loc 1 379 1 view .LVU82
 369 0030 3046     		mov	r0, r6
 370 0032 F8BD     		pop	{r3, r4, r5, r6, r7, pc}
 371              	.LVL23:
 372              	.L36:
 373              	.LBB2:
 374              	.LBB3:
 363:Src/usbd_cdc_if.c ****         }
 375              		.loc 1 363 17 is_stmt 1 view .LVU83
 363:Src/usbd_cdc_if.c ****         }
 376              		.loc 1 363 31 is_stmt 0 view .LVU84
 377 0034 2618     		adds	r6, r4, r0
 378              	.LVL24:
 363:Src/usbd_cdc_if.c ****         }
 379              		.loc 1 363 31 view .LVU85
 380 0036 FBE7     		b	.L28
 381              	.LVL25:
 382              	.L32:
 363:Src/usbd_cdc_if.c ****         }
 383              		.loc 1 363 31 view .LVU86
 384              	.LBE3:
 357:Src/usbd_cdc_if.c ****         {
 385              		.loc 1 357 21 view .LVU87
 386 0038 0024     		movs	r4, #0
 387              	.LVL26:
 388              	.L25:
 357:Src/usbd_cdc_if.c ****         {
 389              		.loc 1 357 9 discriminator 1 view .LVU88
 390 003a B442     		cmp	r4, r6
 391 003c F8DA     		bge	.L28
 392              	.LBB4:
 359:Src/usbd_cdc_if.c ****                            size - offset);
 393              		.loc 1 359 13 is_stmt 1 view .LVU89
 359:Src/usbd_cdc_if.c ****                            size - offset);
 394              		.loc 1 359 24 is_stmt 0 view .LVU90
 395 003e 351B     		subs	r5, r6, r4
 359:Src/usbd_cdc_if.c ****                            size - offset);
 396              		.loc 1 359 17 view .LVU91
 397 0040 402D     		cmp	r5, #64
 398 0042 A8BF     		it	ge
 399 0044 4025     		movge	r5, #64
 400              	.LVL27:
 361:Src/usbd_cdc_if.c ****             if (done != todo)
 401              		.loc 1 361 13 is_stmt 1 view .LVU92
 361:Src/usbd_cdc_if.c ****             if (done != todo)
 402              		.loc 1 361 24 is_stmt 0 view .LVU93
 403 0046 2946     		mov	r1, r5
 404 0048 3819     		adds	r0, r7, r4
 405 004a FFF7FEFF 		bl	VCP_write
 406              	.LVL28:
 362:Src/usbd_cdc_if.c ****                 return offset + done;
 407              		.loc 1 362 13 is_stmt 1 view .LVU94
 362:Src/usbd_cdc_if.c ****                 return offset + done;
 408              		.loc 1 362 16 is_stmt 0 view .LVU95
 409 004e 8542     		cmp	r5, r0
ARM GAS  C:\Users\madmax\AppData\Local\Temp\ccJ8oyiz.s 			page 15


 410 0050 F0D1     		bne	.L36
 411              	.LBE4:
 357:Src/usbd_cdc_if.c ****         {
 412              		.loc 1 357 47 discriminator 2 view .LVU96
 413 0052 0134     		adds	r4, r4, #1
 414              	.LVL29:
 357:Src/usbd_cdc_if.c ****         {
 415              		.loc 1 357 47 discriminator 2 view .LVU97
 416 0054 F1E7     		b	.L25
 417              	.LVL30:
 418              	.L33:
 357:Src/usbd_cdc_if.c ****         {
 419              		.loc 1 357 47 discriminator 2 view .LVU98
 420              	.LBE2:
 375:Src/usbd_cdc_if.c **** 
 421              		.loc 1 375 16 view .LVU99
 422 0056 0026     		movs	r6, #0
 423              	.LVL31:
 375:Src/usbd_cdc_if.c **** 
 424              		.loc 1 375 16 view .LVU100
 425 0058 EAE7     		b	.L28
 426              	.L38:
 427 005a 00BF     		.align	2
 428              	.L37:
 429 005c 00000000 		.word	hUsbDeviceFS
 430              		.cfi_endproc
 431              	.LFE74:
 433              		.global	USBD_Interface_fops_FS
 434              		.comm	UserTxBufferFS,64,4
 435              		.comm	UserRxBufferFS,64,4
 436              		.comm	VCPInitialized,1,1
 437              		.comm	QuatW,4,4
 438              		.comm	QuatZ,4,4
 439              		.comm	QuatY,4,4
 440              		.comm	QuatX,4,4
 441              		.comm	f_report,16,4
 442              		.comm	send_report,16,4
 443              		.comm	packet_num,1,1
 444              		.comm	video_detected,1,1
 445              		.comm	hid_ver,1,1
 446              		.comm	edid,1,1
 447              		.comm	mode,1,1
 448              		.comm	stage,1,1
 449              		.comm	old_status,1,1
 450              		.comm	lane_status,1,1
 451              		.comm	status,1,1
 452              		.section	.bss.RxBuffer,"aw",%nobits
 453              		.align	2
 454              		.set	.LANCHOR0,. + 0
 457              	RxBuffer:
 458 0000 00000000 		.space	76
 458      00000000 
 458      00000000 
 458      00000000 
 458      00000000 
 459              		.section	.data.USBD_Interface_fops_FS,"aw"
 460              		.align	2
ARM GAS  C:\Users\madmax\AppData\Local\Temp\ccJ8oyiz.s 			page 16


 463              	USBD_Interface_fops_FS:
 464 0000 00000000 		.word	CDC_Init_FS
 465 0004 00000000 		.word	CDC_DeInit_FS
 466 0008 00000000 		.word	CDC_Control_FS
 467 000c 00000000 		.word	CDC_Receive_FS
 468              		.text
 469              	.Letext0:
 470              		.file 2 "d:\\stm32\\gnu mcu eclipse\\arm embedded gcc\\8.2.1-1.4-20190214-0604\\arm-none-eabi\\inc
 471              		.file 3 "d:\\stm32\\gnu mcu eclipse\\arm embedded gcc\\8.2.1-1.4-20190214-0604\\arm-none-eabi\\inc
 472              		.file 4 "d:\\stm32\\gnu mcu eclipse\\arm embedded gcc\\8.2.1-1.4-20190214-0604\\arm-none-eabi\\inc
 473              		.file 5 "d:\\stm32\\gnu mcu eclipse\\arm embedded gcc\\8.2.1-1.4-20190214-0604\\lib\\gcc\\arm-none
 474              		.file 6 "d:\\stm32\\gnu mcu eclipse\\arm embedded gcc\\8.2.1-1.4-20190214-0604\\arm-none-eabi\\inc
 475              		.file 7 "d:\\stm32\\gnu mcu eclipse\\arm embedded gcc\\8.2.1-1.4-20190214-0604\\arm-none-eabi\\inc
 476              		.file 8 "d:\\stm32\\gnu mcu eclipse\\arm embedded gcc\\8.2.1-1.4-20190214-0604\\arm-none-eabi\\inc
 477              		.file 9 "Drivers/CMSIS/Include/core_cm3.h"
 478              		.file 10 "Drivers/CMSIS/Device/ST/STM32F1xx/Include/system_stm32f1xx.h"
 479              		.file 11 "Drivers/STM32F1xx_HAL_Driver/Inc/stm32f1xx_hal.h"
 480              		.file 12 "Inc/main.h"
 481              		.file 13 "Middlewares/ST/STM32_USB_Device_Library/Core/Inc/usbd_def.h"
 482              		.file 14 "Middlewares/ST/STM32_USB_Device_Library/Class/CDC/Inc/usbd_cdc.h"
 483              		.file 15 "Inc/usbd_cdc_if.h"
 484              		.file 16 "<built-in>"
ARM GAS  C:\Users\madmax\AppData\Local\Temp\ccJ8oyiz.s 			page 17


DEFINED SYMBOLS
                            *ABS*:0000000000000000 usbd_cdc_if.c
C:\Users\madmax\AppData\Local\Temp\ccJ8oyiz.s:16     .text.CDC_DeInit_FS:0000000000000000 $t
C:\Users\madmax\AppData\Local\Temp\ccJ8oyiz.s:23     .text.CDC_DeInit_FS:0000000000000000 CDC_DeInit_FS
C:\Users\madmax\AppData\Local\Temp\ccJ8oyiz.s:42     .text.CDC_DeInit_FS:0000000000000008 $d
                            *COM*:0000000000000001 VCPInitialized
C:\Users\madmax\AppData\Local\Temp\ccJ8oyiz.s:47     .text.CDC_Control_FS:0000000000000000 $t
C:\Users\madmax\AppData\Local\Temp\ccJ8oyiz.s:53     .text.CDC_Control_FS:0000000000000000 CDC_Control_FS
C:\Users\madmax\AppData\Local\Temp\ccJ8oyiz.s:72     .text.CDC_Receive_FS:0000000000000000 $t
C:\Users\madmax\AppData\Local\Temp\ccJ8oyiz.s:78     .text.CDC_Receive_FS:0000000000000000 CDC_Receive_FS
C:\Users\madmax\AppData\Local\Temp\ccJ8oyiz.s:108    .text.CDC_Receive_FS:0000000000000014 $d
C:\Users\madmax\AppData\Local\Temp\ccJ8oyiz.s:113    .text.CDC_Init_FS:0000000000000000 $t
C:\Users\madmax\AppData\Local\Temp\ccJ8oyiz.s:119    .text.CDC_Init_FS:0000000000000000 CDC_Init_FS
C:\Users\madmax\AppData\Local\Temp\ccJ8oyiz.s:147    .text.CDC_Init_FS:0000000000000014 $d
C:\Users\madmax\AppData\Local\Temp\ccJ8oyiz.s:154    .text.VCP_len:0000000000000000 $t
C:\Users\madmax\AppData\Local\Temp\ccJ8oyiz.s:161    .text.VCP_len:0000000000000000 VCP_len
C:\Users\madmax\AppData\Local\Temp\ccJ8oyiz.s:187    .text.VCP_len:0000000000000014 $d
C:\Users\madmax\AppData\Local\Temp\ccJ8oyiz.s:192    .text.VCP_read:0000000000000000 $t
C:\Users\madmax\AppData\Local\Temp\ccJ8oyiz.s:199    .text.VCP_read:0000000000000000 VCP_read
C:\Users\madmax\AppData\Local\Temp\ccJ8oyiz.s:292    .text.VCP_read:0000000000000054 $d
C:\Users\madmax\AppData\Local\Temp\ccJ8oyiz.s:298    .text.VCP_write:0000000000000000 $t
C:\Users\madmax\AppData\Local\Temp\ccJ8oyiz.s:305    .text.VCP_write:0000000000000000 VCP_write
C:\Users\madmax\AppData\Local\Temp\ccJ8oyiz.s:429    .text.VCP_write:000000000000005c $d
C:\Users\madmax\AppData\Local\Temp\ccJ8oyiz.s:463    .data.USBD_Interface_fops_FS:0000000000000000 USBD_Interface_fops_FS
                            *COM*:0000000000000040 UserTxBufferFS
                            *COM*:0000000000000040 UserRxBufferFS
                            *COM*:0000000000000004 QuatW
                            *COM*:0000000000000004 QuatZ
                            *COM*:0000000000000004 QuatY
                            *COM*:0000000000000004 QuatX
                            *COM*:0000000000000010 f_report
                            *COM*:0000000000000010 send_report
                            *COM*:0000000000000001 packet_num
                            *COM*:0000000000000001 video_detected
                            *COM*:0000000000000001 hid_ver
                            *COM*:0000000000000001 edid
                            *COM*:0000000000000001 mode
                            *COM*:0000000000000001 stage
                            *COM*:0000000000000001 old_status
                            *COM*:0000000000000001 lane_status
                            *COM*:0000000000000001 status
C:\Users\madmax\AppData\Local\Temp\ccJ8oyiz.s:453    .bss.RxBuffer:0000000000000000 $d
C:\Users\madmax\AppData\Local\Temp\ccJ8oyiz.s:457    .bss.RxBuffer:0000000000000000 RxBuffer
C:\Users\madmax\AppData\Local\Temp\ccJ8oyiz.s:460    .data.USBD_Interface_fops_FS:0000000000000000 $d

UNDEFINED SYMBOLS
USBD_CDC_SetRxBuffer
hUsbDeviceFS
memcpy
USBD_CDC_ReceivePacket
USBD_CDC_SetTxBuffer
USBD_CDC_TransmitPacket
